0 info it worked if it ends with ok
1 verbose cli [ 'C:\\Program Files\\nodejs\\node.exe',
1 verbose cli   'C:\\Program Files\\nodejs\\node_modules\\npm\\bin\\npm-cli.js',
1 verbose cli   'i',
1 verbose cli   'requirejs-micro-template' ]
2 info using npm@3.10.8
3 info using node@v6.9.1
4 silly loadCurrentTree Starting
5 silly install loadCurrentTree
6 silly install readLocalPackageData
7 silly fetchPackageMetaData requirejs-micro-template
8 silly fetchNamedPackageData requirejs-micro-template
9 silly mapToRegistry name requirejs-micro-template
10 silly mapToRegistry using default registry
11 silly mapToRegistry registry https://registry.npmjs.org/
12 silly mapToRegistry data Result {
12 silly mapToRegistry   raw: 'requirejs-micro-template',
12 silly mapToRegistry   scope: null,
12 silly mapToRegistry   escapedName: 'requirejs-micro-template',
12 silly mapToRegistry   name: 'requirejs-micro-template',
12 silly mapToRegistry   rawSpec: '',
12 silly mapToRegistry   spec: 'latest',
12 silly mapToRegistry   type: 'tag' }
13 silly mapToRegistry uri https://registry.npmjs.org/requirejs-micro-template
14 verbose request uri https://registry.npmjs.org/requirejs-micro-template
15 verbose request no auth needed
16 info attempt registry request try #1 at 23:13:14
17 verbose request id 4e51ef490f361280
18 verbose etag "BJ2PX8WLYUOE517ZK38D450SS"
19 http request GET https://registry.npmjs.org/requirejs-micro-template
20 http 304 https://registry.npmjs.org/requirejs-micro-template
21 verbose headers { date: 'Fri, 04 Nov 2016 21:13:14 GMT',
21 verbose headers   via: '1.1 varnish',
21 verbose headers   'cache-control': 'max-age=300',
21 verbose headers   etag: '"BJ2PX8WLYUOE517ZK38D450SS"',
21 verbose headers   age: '25',
21 verbose headers   connection: 'keep-alive',
21 verbose headers   'x-served-by': 'cache-lcy1150-LCY',
21 verbose headers   'x-cache': 'HIT',
21 verbose headers   'x-cache-hits': '1',
21 verbose headers   'x-timer': 'S1478293994.783399,VS0,VE0',
21 verbose headers   vary: 'Accept-Encoding' }
22 silly get cb [ 304,
22 silly get   { date: 'Fri, 04 Nov 2016 21:13:14 GMT',
22 silly get     via: '1.1 varnish',
22 silly get     'cache-control': 'max-age=300',
22 silly get     etag: '"BJ2PX8WLYUOE517ZK38D450SS"',
22 silly get     age: '25',
22 silly get     connection: 'keep-alive',
22 silly get     'x-served-by': 'cache-lcy1150-LCY',
22 silly get     'x-cache': 'HIT',
22 silly get     'x-cache-hits': '1',
22 silly get     'x-timer': 'S1478293994.783399,VS0,VE0',
22 silly get     vary: 'Accept-Encoding' } ]
23 verbose etag https://registry.npmjs.org/requirejs-micro-template from cache
24 verbose get saving requirejs-micro-template to C:\Users\User\AppData\Roaming\npm-cache\registry.npmjs.org\requirejs-micro-template\.cache.json
25 verbose correctMkdir C:\Users\User\AppData\Roaming\npm-cache correctMkdir not in flight; initializing
26 silly install normalizeTree
27 silly loadCurrentTree Finishing
28 silly loadIdealTree Starting
29 silly install loadIdealTree
30 silly cloneCurrentTree Starting
31 silly install cloneCurrentTreeToIdealTree
32 silly cloneCurrentTree Finishing
33 silly loadShrinkwrap Starting
34 silly install loadShrinkwrap
35 silly loadShrinkwrap Finishing
36 silly loadAllDepsIntoIdealTree Starting
37 silly install loadAllDepsIntoIdealTree
38 silly resolveWithNewModule requirejs-micro-template@0.1.2 checking installable status
39 silly cache add args [ 'requirejs-micro-template', null ]
40 verbose cache add spec requirejs-micro-template
41 silly cache add parsed spec Result {
41 silly cache add   raw: 'requirejs-micro-template',
41 silly cache add   scope: null,
41 silly cache add   escapedName: 'requirejs-micro-template',
41 silly cache add   name: 'requirejs-micro-template',
41 silly cache add   rawSpec: '',
41 silly cache add   spec: 'latest',
41 silly cache add   type: 'tag' }
42 silly addNamed requirejs-micro-template@latest
43 verbose addNamed "latest" is being treated as a dist-tag for requirejs-micro-template
44 info addNameTag [ 'requirejs-micro-template', 'latest' ]
45 silly mapToRegistry name requirejs-micro-template
46 silly mapToRegistry using default registry
47 silly mapToRegistry registry https://registry.npmjs.org/
48 silly mapToRegistry data Result {
48 silly mapToRegistry   raw: 'requirejs-micro-template',
48 silly mapToRegistry   scope: null,
48 silly mapToRegistry   escapedName: 'requirejs-micro-template',
48 silly mapToRegistry   name: 'requirejs-micro-template',
48 silly mapToRegistry   rawSpec: '',
48 silly mapToRegistry   spec: 'latest',
48 silly mapToRegistry   type: 'tag' }
49 silly mapToRegistry uri https://registry.npmjs.org/requirejs-micro-template
50 verbose addNameTag registry:https://registry.npmjs.org/requirejs-micro-template not in flight; fetching
51 verbose get https://registry.npmjs.org/requirejs-micro-template not expired, no request
52 silly addNameTag next cb for requirejs-micro-template with tag latest
53 silly addNamed requirejs-micro-template@0.1.2
54 verbose addNamed "0.1.2" is a plain semver version for requirejs-micro-template
55 silly cache afterAdd requirejs-micro-template@0.1.2
56 verbose afterAdd C:\Users\User\AppData\Roaming\npm-cache\requirejs-micro-template\0.1.2\package\package.json not in flight; writing
57 verbose correctMkdir C:\Users\User\AppData\Roaming\npm-cache correctMkdir not in flight; initializing
58 verbose afterAdd C:\Users\User\AppData\Roaming\npm-cache\requirejs-micro-template\0.1.2\package\package.json written
59 silly fetchNamedPackageData requirejs
60 silly mapToRegistry name requirejs
61 silly mapToRegistry using default registry
62 silly mapToRegistry registry https://registry.npmjs.org/
63 silly mapToRegistry data Result {
63 silly mapToRegistry   raw: 'requirejs',
63 silly mapToRegistry   scope: null,
63 silly mapToRegistry   escapedName: 'requirejs',
63 silly mapToRegistry   name: 'requirejs',
63 silly mapToRegistry   rawSpec: '',
63 silly mapToRegistry   spec: 'latest',
63 silly mapToRegistry   type: 'tag' }
64 silly mapToRegistry uri https://registry.npmjs.org/requirejs
65 silly fetchOtherPackageData text@git://github.com/requirejs/text.git
66 silly cache add args [ 'text@git://github.com/requirejs/text.git', null ]
67 verbose cache add spec text@git://github.com/requirejs/text.git
68 silly cache add parsed spec Result {
68 silly cache add   raw: 'text@git://github.com/requirejs/text.git',
68 silly cache add   scope: null,
68 silly cache add   escapedName: 'text',
68 silly cache add   name: 'text',
68 silly cache add   rawSpec: 'git://github.com/requirejs/text.git',
68 silly cache add   spec: 'git://github.com/requirejs/text.git',
68 silly cache add   type: 'hosted',
68 silly cache add   hosted:
68 silly cache add    { type: 'github',
68 silly cache add      ssh: 'git@github.com:requirejs/text.git',
68 silly cache add      sshUrl: 'git+ssh://git@github.com/requirejs/text.git',
68 silly cache add      httpsUrl: 'git+https://github.com/requirejs/text.git',
68 silly cache add      gitUrl: 'git://github.com/requirejs/text.git',
68 silly cache add      shortcut: 'github:requirejs/text',
68 silly cache add      directUrl: 'https://raw.githubusercontent.com/requirejs/text/master/package.json' } }
69 verbose addRemoteGit caching git://github.com/requirejs/text.git
70 verbose addRemoteGit git://github.com/requirejs/text.git is a repository hosted by github
71 silly tryClone cloning git://github.com/requirejs/text.git via git://github.com/requirejs/text.git
72 verbose tryClone git-github-com-requirejs-text-git-37804fea not in flight; caching
73 verbose correctMkdir C:\Users\User\AppData\Roaming\npm-cache\_git-remotes correctMkdir not in flight; initializing
74 verbose request uri https://registry.npmjs.org/requirejs
75 verbose request no auth needed
76 info attempt registry request try #1 at 23:13:15
77 verbose etag "7BYPMH4SZ3DWCSIQRBJDLPLAO"
78 http request GET https://registry.npmjs.org/requirejs
79 warn addRemoteGit Error: not found: git
79 warn addRemoteGit     at getNotFoundError (C:\Program Files\nodejs\node_modules\npm\node_modules\which\which.js:14:12)
79 warn addRemoteGit     at F (C:\Program Files\nodejs\node_modules\npm\node_modules\which\which.js:69:19)
79 warn addRemoteGit     at E (C:\Program Files\nodejs\node_modules\npm\node_modules\which\which.js:81:29)
79 warn addRemoteGit     at C:\Program Files\nodejs\node_modules\npm\node_modules\which\which.js:90:16
79 warn addRemoteGit     at C:\Program Files\nodejs\node_modules\npm\node_modules\which\node_modules\isexe\index.js:44:5
79 warn addRemoteGit     at C:\Program Files\nodejs\node_modules\npm\node_modules\which\node_modules\isexe\windows.js:29:5
79 warn addRemoteGit     at FSReqWrap.oncomplete (fs.js:123:15)
79 warn addRemoteGit  git://github.com/requirejs/text.git resetting remote C:\Users\User\AppData\Roaming\npm-cache\_git-remotes\git-github-com-requirejs-text-git-37804fea because of error: { Error: not found: git
79 warn addRemoteGit     at getNotFoundError (C:\Program Files\nodejs\node_modules\npm\node_modules\which\which.js:14:12)
79 warn addRemoteGit     at F (C:\Program Files\nodejs\node_modules\npm\node_modules\which\which.js:69:19)
79 warn addRemoteGit     at E (C:\Program Files\nodejs\node_modules\npm\node_modules\which\which.js:81:29)
79 warn addRemoteGit     at C:\Program Files\nodejs\node_modules\npm\node_modules\which\which.js:90:16
79 warn addRemoteGit     at C:\Program Files\nodejs\node_modules\npm\node_modules\which\node_modules\isexe\index.js:44:5
79 warn addRemoteGit     at C:\Program Files\nodejs\node_modules\npm\node_modules\which\node_modules\isexe\windows.js:29:5
79 warn addRemoteGit     at FSReqWrap.oncomplete (fs.js:123:15) code: 'ENOGIT' }
80 info resetRemote resetting C:\Users\User\AppData\Roaming\npm-cache\_git-remotes\git-github-com-requirejs-text-git-37804fea for git://github.com/requirejs/text.git
81 silly gentlyRm C:\Users\User\AppData\Roaming\npm-cache\_git-remotes\git-github-com-requirejs-text-git-37804fea is being purged
82 verbose gentlyRm don't care about contents; nuking C:\Users\User\AppData\Roaming\npm-cache\_git-remotes\git-github-com-requirejs-text-git-37804fea
83 silly vacuum-fs purging C:\Users\User\AppData\Roaming\npm-cache\_git-remotes\git-github-com-requirejs-text-git-37804fea
84 silly vacuum-fs quitting because other entries in C:\Users\User\AppData\Roaming\npm-cache\_git-remotes
85 error git clone --template=C:\Users\User\AppData\Roaming\npm-cache\_git-remotes\_templates --mirror git://github.com/requirejs/text.git C:\Users\User\AppData\Roaming\npm-cache\_git-remotes\git-github-com-requirejs-text-git-37804fea: undefined
85 error git clone --template=C:\Users\User\AppData\Roaming\npm-cache\_git-remotes\_templates --mirror git://github.com/requirejs/text.git C:\Users\User\AppData\Roaming\npm-cache\_git-remotes\git-github-com-requirejs-text-git-37804fea: undefined
86 silly fetchPackageMetaData Error: not found: git
86 silly fetchPackageMetaData     at getNotFoundError (C:\Program Files\nodejs\node_modules\npm\node_modules\which\which.js:14:12)
86 silly fetchPackageMetaData     at F (C:\Program Files\nodejs\node_modules\npm\node_modules\which\which.js:69:19)
86 silly fetchPackageMetaData     at E (C:\Program Files\nodejs\node_modules\npm\node_modules\which\which.js:81:29)
86 silly fetchPackageMetaData     at C:\Program Files\nodejs\node_modules\npm\node_modules\which\which.js:90:16
86 silly fetchPackageMetaData     at C:\Program Files\nodejs\node_modules\npm\node_modules\which\node_modules\isexe\index.js:44:5
86 silly fetchPackageMetaData     at C:\Program Files\nodejs\node_modules\npm\node_modules\which\node_modules\isexe\windows.js:29:5
86 silly fetchPackageMetaData     at FSReqWrap.oncomplete (fs.js:123:15)
86 silly fetchPackageMetaData  error for text@git://github.com/requirejs/text.git { Error: not found: git
86 silly fetchPackageMetaData     at getNotFoundError (C:\Program Files\nodejs\node_modules\npm\node_modules\which\which.js:14:12)
86 silly fetchPackageMetaData     at F (C:\Program Files\nodejs\node_modules\npm\node_modules\which\which.js:69:19)
86 silly fetchPackageMetaData     at E (C:\Program Files\nodejs\node_modules\npm\node_modules\which\which.js:81:29)
86 silly fetchPackageMetaData     at C:\Program Files\nodejs\node_modules\npm\node_modules\which\which.js:90:16
86 silly fetchPackageMetaData     at C:\Program Files\nodejs\node_modules\npm\node_modules\which\node_modules\isexe\index.js:44:5
86 silly fetchPackageMetaData     at C:\Program Files\nodejs\node_modules\npm\node_modules\which\node_modules\isexe\windows.js:29:5
86 silly fetchPackageMetaData     at FSReqWrap.oncomplete (fs.js:123:15) code: 'ENOGIT' }
87 http 304 https://registry.npmjs.org/requirejs
88 verbose headers { date: 'Fri, 04 Nov 2016 21:13:14 GMT',
88 verbose headers   via: '1.1 varnish',
88 verbose headers   'cache-control': 'max-age=300',
88 verbose headers   etag: '"7BYPMH4SZ3DWCSIQRBJDLPLAO"',
88 verbose headers   age: '263',
88 verbose headers   connection: 'keep-alive',
88 verbose headers   'x-served-by': 'cache-lcy1150-LCY',
88 verbose headers   'x-cache': 'HIT',
88 verbose headers   'x-cache-hits': '1',
88 verbose headers   'x-timer': 'S1478293994.905447,VS0,VE0',
88 verbose headers   vary: 'Accept-Encoding' }
89 silly get cb [ 304,
89 silly get   { date: 'Fri, 04 Nov 2016 21:13:14 GMT',
89 silly get     via: '1.1 varnish',
89 silly get     'cache-control': 'max-age=300',
89 silly get     etag: '"7BYPMH4SZ3DWCSIQRBJDLPLAO"',
89 silly get     age: '263',
89 silly get     connection: 'keep-alive',
89 silly get     'x-served-by': 'cache-lcy1150-LCY',
89 silly get     'x-cache': 'HIT',
89 silly get     'x-cache-hits': '1',
89 silly get     'x-timer': 'S1478293994.905447,VS0,VE0',
89 silly get     vary: 'Accept-Encoding' } ]
90 verbose etag https://registry.npmjs.org/requirejs from cache
91 verbose get saving requirejs to C:\Users\User\AppData\Roaming\npm-cache\registry.npmjs.org\requirejs\.cache.json
92 verbose correctMkdir C:\Users\User\AppData\Roaming\npm-cache correctMkdir not in flight; initializing
93 silly resolveWithNewModule requirejs@2.1.22 checking installable status
94 silly cache add args [ 'requirejs@2.1.x', null ]
95 verbose cache add spec requirejs@2.1.x
96 silly cache add parsed spec Result {
96 silly cache add   raw: 'requirejs@2.1.x',
96 silly cache add   scope: null,
96 silly cache add   escapedName: 'requirejs',
96 silly cache add   name: 'requirejs',
96 silly cache add   rawSpec: '2.1.x',
96 silly cache add   spec: '>=2.1.0 <2.2.0',
96 silly cache add   type: 'range' }
97 silly addNamed requirejs@>=2.1.0 <2.2.0
98 verbose addNamed ">=2.1.0 <2.2.0" is a valid semver range for requirejs
99 silly addNameRange { name: 'requirejs', range: '>=2.1.0 <2.2.0', hasData: false }
100 silly mapToRegistry name requirejs
101 silly mapToRegistry using default registry
102 silly mapToRegistry registry https://registry.npmjs.org/
103 silly mapToRegistry data Result {
103 silly mapToRegistry   raw: 'requirejs',
103 silly mapToRegistry   scope: null,
103 silly mapToRegistry   escapedName: 'requirejs',
103 silly mapToRegistry   name: 'requirejs',
103 silly mapToRegistry   rawSpec: '',
103 silly mapToRegistry   spec: 'latest',
103 silly mapToRegistry   type: 'tag' }
104 silly mapToRegistry uri https://registry.npmjs.org/requirejs
105 verbose addNameRange registry:https://registry.npmjs.org/requirejs not in flight; fetching
106 verbose get https://registry.npmjs.org/requirejs not expired, no request
107 silly addNameRange number 2 { name: 'requirejs', range: '>=2.1.0 <2.2.0', hasData: true }
108 silly addNameRange versions [ 'requirejs',
108 silly addNameRange   [ '0.26.0',
108 silly addNameRange     '0.27.0',
108 silly addNameRange     '0.27.1',
108 silly addNameRange     '1.0.0',
108 silly addNameRange     '1.0.1',
108 silly addNameRange     '1.0.2',
108 silly addNameRange     '1.0.3',
108 silly addNameRange     '1.0.4',
108 silly addNameRange     '1.0.5',
108 silly addNameRange     '1.0.6',
108 silly addNameRange     '1.0.7',
108 silly addNameRange     '1.0.8',
108 silly addNameRange     '2.0.0',
108 silly addNameRange     '2.0.1',
108 silly addNameRange     '2.0.2',
108 silly addNameRange     '2.0.3',
108 silly addNameRange     '2.0.4',
108 silly addNameRange     '2.0.5',
108 silly addNameRange     '2.0.6',
108 silly addNameRange     '2.1.0',
108 silly addNameRange     '2.1.1',
108 silly addNameRange     '2.1.2',
108 silly addNameRange     '2.1.3',
108 silly addNameRange     '2.1.4',
108 silly addNameRange     '2.1.5',
108 silly addNameRange     '2.1.6',
108 silly addNameRange     '2.1.7',
108 silly addNameRange     '2.1.8',
108 silly addNameRange     '2.1.9',
108 silly addNameRange     '2.1.10',
108 silly addNameRange     '2.1.11',
108 silly addNameRange     '2.1.12',
108 silly addNameRange     '2.1.13',
108 silly addNameRange     '2.1.14',
108 silly addNameRange     '2.1.15',
108 silly addNameRange     '2.1.16',
108 silly addNameRange     '2.1.17',
108 silly addNameRange     '2.1.18',
108 silly addNameRange     '2.1.19',
108 silly addNameRange     '2.1.20',
108 silly addNameRange     '2.1.21',
108 silly addNameRange     '2.1.22',
108 silly addNameRange     '2.2.0',
108 silly addNameRange     '2.3.0',
108 silly addNameRange     '2.3.1',
108 silly addNameRange     '2.3.2' ] ]
109 silly addNamed requirejs@2.1.22
110 verbose addNamed "2.1.22" is a plain semver version for requirejs
111 silly cache afterAdd requirejs@2.1.22
112 verbose afterAdd C:\Users\User\AppData\Roaming\npm-cache\requirejs\2.1.22\package\package.json not in flight; writing
113 verbose correctMkdir C:\Users\User\AppData\Roaming\npm-cache correctMkdir not in flight; initializing
114 verbose afterAdd C:\Users\User\AppData\Roaming\npm-cache\requirejs\2.1.22\package\package.json written
115 silly rollbackFailedOptional Starting
116 silly rollbackFailedOptional Finishing
117 silly runTopLevelLifecycles Finishing
118 silly install printInstalled
119 verbose stack Error: not found: git
119 verbose stack     at getNotFoundError (C:\Program Files\nodejs\node_modules\npm\node_modules\which\which.js:14:12)
119 verbose stack     at F (C:\Program Files\nodejs\node_modules\npm\node_modules\which\which.js:69:19)
119 verbose stack     at E (C:\Program Files\nodejs\node_modules\npm\node_modules\which\which.js:81:29)
119 verbose stack     at C:\Program Files\nodejs\node_modules\npm\node_modules\which\which.js:90:16
119 verbose stack     at C:\Program Files\nodejs\node_modules\npm\node_modules\which\node_modules\isexe\index.js:44:5
119 verbose stack     at C:\Program Files\nodejs\node_modules\npm\node_modules\which\node_modules\isexe\windows.js:29:5
119 verbose stack     at FSReqWrap.oncomplete (fs.js:123:15)
120 verbose cwd C:\Users\User\test\mvc
121 error Windows_NT 10.0.14393
122 error argv "C:\\Program Files\\nodejs\\node.exe" "C:\\Program Files\\nodejs\\node_modules\\npm\\bin\\npm-cli.js" "i" "requirejs-micro-template"
123 error node v6.9.1
124 error npm  v3.10.8
125 error code ENOGIT
126 error not found: git
127 error Failed using git.
127 error This is most likely not a problem with npm itself.
127 error Please check if you have git installed and in your PATH.
128 verbose exit [ 1, true ]
